CRITICAL - 2020-10-16 05:35:06 --> syntax error, unexpected ':', expecting ',' or ';'
#0 C:\xampp\htdocs\DEWII\vendor\codeigniter4\framework\system\Router\Router.php(195): CodeIgniter\Router\Router->autoRoute('Home/show')
#1 C:\xampp\htdocs\DEWII\vendor\codeigniter4\framework\system\CodeIgniter.php(793): CodeIgniter\Router\Router->handle('Home/show')
#2 C:\xampp\htdocs\DEWII\vendor\codeigniter4\framework\system\CodeIgniter.php(364): CodeIgniter\CodeIgniter->tryToRouteIt(Object(CodeIgniter\Router\RouteCollection))
#3 C:\xampp\htdocs\DEWII\vendor\codeigniter4\framework\system\CodeIgniter.php(312): CodeIgniter\CodeIgniter->handleRequest(NULL, Object(Config\Cache), false)
#4 C:\xampp\htdocs\DEWII\public\index.php(45): CodeIgniter\CodeIgniter->run()
#5 C:\xampp\htdocs\DEWII\vendor\codeigniter4\framework\system\Commands\Server\rewrite.php(34): require_once('C:\\xampp\\htdocs...')
#6 {main}
CRITICAL - 2020-10-16 05:35:40 --> Invalid file: mahasiswa/header.php
#0 C:\xampp\htdocs\DEWII\vendor\codeigniter4\framework\system\View\View.php(228): CodeIgniter\Exceptions\FrameworkException::forInvalidFile('mahasiswa/heade...')
#1 C:\xampp\htdocs\DEWII\vendor\codeigniter4\framework\system\Common.php(1119): CodeIgniter\View\View->render('mahasiswa/heade...', Array, true)
#2 C:\xampp\htdocs\DEWII\app\Controllers\Home.php(16): view('mahasiswa/heade...')
#3 C:\xampp\htdocs\DEWII\vendor\codeigniter4\framework\system\CodeIgniter.php(918): App\Controllers\Home->show()
#4 C:\xampp\htdocs\DEWII\vendor\codeigniter4\framework\system\CodeIgniter.php(404): CodeIgniter\CodeIgniter->runController(Object(App\Controllers\Home))
#5 C:\xampp\htdocs\DEWII\vendor\codeigniter4\framework\system\CodeIgniter.php(312): CodeIgniter\CodeIgniter->handleRequest(NULL, Object(Config\Cache), false)
#6 C:\xampp\htdocs\DEWII\public\index.php(45): CodeIgniter\CodeIgniter->run()
#7 C:\xampp\htdocs\DEWII\vendor\codeigniter4\framework\system\Commands\Server\rewrite.php(34): require_once('C:\\xampp\\htdocs...')
#8 {main}
CRITICAL - 2020-10-16 05:36:28 --> Invalid file: mahasiswa/header.php
#0 C:\xampp\htdocs\DEWII\vendor\codeigniter4\framework\system\View\View.php(228): CodeIgniter\Exceptions\FrameworkException::forInvalidFile('mahasiswa/heade...')
#1 C:\xampp\htdocs\DEWII\vendor\codeigniter4\framework\system\Common.php(1119): CodeIgniter\View\View->render('mahasiswa/heade...', Array, true)
#2 C:\xampp\htdocs\DEWII\app\Controllers\Home.php(16): view('mahasiswa/heade...')
#3 C:\xampp\htdocs\DEWII\vendor\codeigniter4\framework\system\CodeIgniter.php(918): App\Controllers\Home->show()
#4 C:\xampp\htdocs\DEWII\vendor\codeigniter4\framework\system\CodeIgniter.php(404): CodeIgniter\CodeIgniter->runController(Object(App\Controllers\Home))
#5 C:\xampp\htdocs\DEWII\vendor\codeigniter4\framework\system\CodeIgniter.php(312): CodeIgniter\CodeIgniter->handleRequest(NULL, Object(Config\Cache), false)
#6 C:\xampp\htdocs\DEWII\public\index.php(45): CodeIgniter\CodeIgniter->run()
#7 C:\xampp\htdocs\DEWII\vendor\codeigniter4\framework\system\Commands\Server\rewrite.php(34): require_once('C:\\xampp\\htdocs...')
#8 {main}
CRITICAL - 2020-10-16 05:38:28 --> Invalid file: mahasiswa/header.php
#0 C:\xampp\htdocs\DEWII\vendor\codeigniter4\framework\system\View\View.php(228): CodeIgniter\Exceptions\FrameworkException::forInvalidFile('mahasiswa/heade...')
#1 C:\xampp\htdocs\DEWII\vendor\codeigniter4\framework\system\Common.php(1119): CodeIgniter\View\View->render('mahasiswa/heade...', Array, true)
#2 C:\xampp\htdocs\DEWII\app\Controllers\Home.php(16): view('mahasiswa/heade...')
#3 C:\xampp\htdocs\DEWII\vendor\codeigniter4\framework\system\CodeIgniter.php(918): App\Controllers\Home->show()
#4 C:\xampp\htdocs\DEWII\vendor\codeigniter4\framework\system\CodeIgniter.php(404): CodeIgniter\CodeIgniter->runController(Object(App\Controllers\Home))
#5 C:\xampp\htdocs\DEWII\vendor\codeigniter4\framework\system\CodeIgniter.php(312): CodeIgniter\CodeIgniter->handleRequest(NULL, Object(Config\Cache), false)
#6 C:\xampp\htdocs\DEWII\public\index.php(45): CodeIgniter\CodeIgniter->run()
#7 C:\xampp\htdocs\DEWII\vendor\codeigniter4\framework\system\Commands\Server\rewrite.php(34): require_once('C:\\xampp\\htdocs...')
#8 {main}
CRITICAL - 2020-10-16 05:38:33 --> Invalid file: mahasiswa/header.php
#0 C:\xampp\htdocs\DEWII\vendor\codeigniter4\framework\system\View\View.php(228): CodeIgniter\Exceptions\FrameworkException::forInvalidFile('mahasiswa/heade...')
#1 C:\xampp\htdocs\DEWII\vendor\codeigniter4\framework\system\Common.php(1119): CodeIgniter\View\View->render('mahasiswa/heade...', Array, true)
#2 C:\xampp\htdocs\DEWII\app\Controllers\Home.php(16): view('mahasiswa/heade...')
#3 C:\xampp\htdocs\DEWII\vendor\codeigniter4\framework\system\CodeIgniter.php(918): App\Controllers\Home->show()
#4 C:\xampp\htdocs\DEWII\vendor\codeigniter4\framework\system\CodeIgniter.php(404): CodeIgniter\CodeIgniter->runController(Object(App\Controllers\Home))
#5 C:\xampp\htdocs\DEWII\vendor\codeigniter4\framework\system\CodeIgniter.php(312): CodeIgniter\CodeIgniter->handleRequest(NULL, Object(Config\Cache), false)
#6 C:\xampp\htdocs\DEWII\public\index.php(45): CodeIgniter\CodeIgniter->run()
#7 C:\xampp\htdocs\DEWII\vendor\codeigniter4\framework\system\Commands\Server\rewrite.php(34): require_once('C:\\xampp\\htdocs...')
#8 {main}
CRITICAL - 2020-10-16 05:40:06 --> Invalid file: mahasiswa/header.php
#0 C:\xampp\htdocs\DEWII\vendor\codeigniter4\framework\system\View\View.php(228): CodeIgniter\Exceptions\FrameworkException::forInvalidFile('mahasiswa/heade...')
#1 C:\xampp\htdocs\DEWII\vendor\codeigniter4\framework\system\Common.php(1119): CodeIgniter\View\View->render('mahasiswa/heade...', Array, true)
#2 C:\xampp\htdocs\DEWII\app\Controllers\Home.php(16): view('mahasiswa/heade...')
#3 C:\xampp\htdocs\DEWII\vendor\codeigniter4\framework\system\CodeIgniter.php(918): App\Controllers\Home->show()
#4 C:\xampp\htdocs\DEWII\vendor\codeigniter4\framework\system\CodeIgniter.php(404): CodeIgniter\CodeIgniter->runController(Object(App\Controllers\Home))
#5 C:\xampp\htdocs\DEWII\vendor\codeigniter4\framework\system\CodeIgniter.php(312): CodeIgniter\CodeIgniter->handleRequest(NULL, Object(Config\Cache), false)
#6 C:\xampp\htdocs\DEWII\public\index.php(45): CodeIgniter\CodeIgniter->run()
#7 C:\xampp\htdocs\DEWII\vendor\codeigniter4\framework\system\Commands\Server\rewrite.php(34): require_once('C:\\xampp\\htdocs...')
#8 {main}
CRITICAL - 2020-10-16 05:40:11 --> Invalid file: mahasiswa/header.php
#0 C:\xampp\htdocs\DEWII\vendor\codeigniter4\framework\system\View\View.php(228): CodeIgniter\Exceptions\FrameworkException::forInvalidFile('mahasiswa/heade...')
#1 C:\xampp\htdocs\DEWII\vendor\codeigniter4\framework\system\Common.php(1119): CodeIgniter\View\View->render('mahasiswa/heade...', Array, true)
#2 C:\xampp\htdocs\DEWII\app\Controllers\Home.php(16): view('mahasiswa/heade...')
#3 C:\xampp\htdocs\DEWII\vendor\codeigniter4\framework\system\CodeIgniter.php(918): App\Controllers\Home->show()
#4 C:\xampp\htdocs\DEWII\vendor\codeigniter4\framework\system\CodeIgniter.php(404): CodeIgniter\CodeIgniter->runController(Object(App\Controllers\Home))
#5 C:\xampp\htdocs\DEWII\vendor\codeigniter4\framework\system\CodeIgniter.php(312): CodeIgniter\CodeIgniter->handleRequest(NULL, Object(Config\Cache), false)
#6 C:\xampp\htdocs\DEWII\public\index.php(45): CodeIgniter\CodeIgniter->run()
#7 C:\xampp\htdocs\DEWII\vendor\codeigniter4\framework\system\Commands\Server\rewrite.php(34): require_once('C:\\xampp\\htdocs...')
#8 {main}
CRITICAL - 2020-10-16 05:40:47 --> Invalid file: mahasiswa/header.php
#0 C:\xampp\htdocs\DEWII\vendor\codeigniter4\framework\system\View\View.php(228): CodeIgniter\Exceptions\FrameworkException::forInvalidFile('mahasiswa/heade...')
#1 C:\xampp\htdocs\DEWII\vendor\codeigniter4\framework\system\Common.php(1119): CodeIgniter\View\View->render('mahasiswa/heade...', Array, true)
#2 C:\xampp\htdocs\DEWII\app\Controllers\Home.php(16): view('mahasiswa/heade...')
#3 C:\xampp\htdocs\DEWII\vendor\codeigniter4\framework\system\CodeIgniter.php(918): App\Controllers\Home->show()
#4 C:\xampp\htdocs\DEWII\vendor\codeigniter4\framework\system\CodeIgniter.php(404): CodeIgniter\CodeIgniter->runController(Object(App\Controllers\Home))
#5 C:\xampp\htdocs\DEWII\vendor\codeigniter4\framework\system\CodeIgniter.php(312): CodeIgniter\CodeIgniter->handleRequest(NULL, Object(Config\Cache), false)
#6 C:\xampp\htdocs\DEWII\public\index.php(45): CodeIgniter\CodeIgniter->run()
#7 C:\xampp\htdocs\DEWII\vendor\codeigniter4\framework\system\Commands\Server\rewrite.php(34): require_once('C:\\xampp\\htdocs...')
#8 {main}
CRITICAL - 2020-10-16 05:46:08 --> Invalid file: mahasiswa/header.php
#0 C:\xampp\htdocs\DEWII\vendor\codeigniter4\framework\system\View\View.php(228): CodeIgniter\Exceptions\FrameworkException::forInvalidFile('mahasiswa/heade...')
#1 C:\xampp\htdocs\DEWII\vendor\codeigniter4\framework\system\Common.php(1119): CodeIgniter\View\View->render('mahasiswa/heade...', Array, true)
#2 C:\xampp\htdocs\DEWII\app\Controllers\Home.php(16): view('mahasiswa/heade...')
#3 C:\xampp\htdocs\DEWII\vendor\codeigniter4\framework\system\CodeIgniter.php(918): App\Controllers\Home->show()
#4 C:\xampp\htdocs\DEWII\vendor\codeigniter4\framework\system\CodeIgniter.php(404): CodeIgniter\CodeIgniter->runController(Object(App\Controllers\Home))
#5 C:\xampp\htdocs\DEWII\vendor\codeigniter4\framework\system\CodeIgniter.php(312): CodeIgniter\CodeIgniter->handleRequest(NULL, Object(Config\Cache), false)
#6 C:\xampp\htdocs\DEWII\public\index.php(45): CodeIgniter\CodeIgniter->run()
#7 C:\xampp\htdocs\DEWII\vendor\codeigniter4\framework\system\Commands\Server\rewrite.php(34): require_once('C:\\xampp\\htdocs...')
#8 {main}
CRITICAL - 2020-10-16 06:09:55 --> Invalid file: mahasiswa/header.php
#0 C:\xampp\htdocs\DEWII\vendor\codeigniter4\framework\system\View\View.php(228): CodeIgniter\Exceptions\FrameworkException::forInvalidFile('mahasiswa/heade...')
#1 C:\xampp\htdocs\DEWII\vendor\codeigniter4\framework\system\Common.php(1119): CodeIgniter\View\View->render('mahasiswa/heade...', Array, true)
#2 C:\xampp\htdocs\DEWII\app\Controllers\Home.php(16): view('mahasiswa/heade...')
#3 C:\xampp\htdocs\DEWII\vendor\codeigniter4\framework\system\CodeIgniter.php(918): App\Controllers\Home->show()
#4 C:\xampp\htdocs\DEWII\vendor\codeigniter4\framework\system\CodeIgniter.php(404): CodeIgniter\CodeIgniter->runController(Object(App\Controllers\Home))
#5 C:\xampp\htdocs\DEWII\vendor\codeigniter4\framework\system\CodeIgniter.php(312): CodeIgniter\CodeIgniter->handleRequest(NULL, Object(Config\Cache), false)
#6 C:\xampp\htdocs\DEWII\public\index.php(45): CodeIgniter\CodeIgniter->run()
#7 C:\xampp\htdocs\DEWII\vendor\codeigniter4\framework\system\Commands\Server\rewrite.php(34): require_once('C:\\xampp\\htdocs...')
#8 {main}
CRITICAL - 2020-10-16 06:10:09 --> Invalid file: mahasiswa/header.php
#0 C:\xampp\htdocs\DEWII\vendor\codeigniter4\framework\system\View\View.php(228): CodeIgniter\Exceptions\FrameworkException::forInvalidFile('mahasiswa/heade...')
#1 C:\xampp\htdocs\DEWII\vendor\codeigniter4\framework\system\Common.php(1119): CodeIgniter\View\View->render('mahasiswa/heade...', Array, true)
#2 C:\xampp\htdocs\DEWII\app\Controllers\Home.php(16): view('mahasiswa/heade...')
#3 C:\xampp\htdocs\DEWII\vendor\codeigniter4\framework\system\CodeIgniter.php(918): App\Controllers\Home->show()
#4 C:\xampp\htdocs\DEWII\vendor\codeigniter4\framework\system\CodeIgniter.php(404): CodeIgniter\CodeIgniter->runController(Object(App\Controllers\Home))
#5 C:\xampp\htdocs\DEWII\vendor\codeigniter4\framework\system\CodeIgniter.php(312): CodeIgniter\CodeIgniter->handleRequest(NULL, Object(Config\Cache), false)
#6 C:\xampp\htdocs\DEWII\public\index.php(45): CodeIgniter\CodeIgniter->run()
#7 C:\xampp\htdocs\DEWII\vendor\codeigniter4\framework\system\Commands\Server\rewrite.php(34): require_once('C:\\xampp\\htdocs...')
#8 {main}
CRITICAL - 2020-10-16 06:10:32 --> Invalid file: mahasiswa/header.php
#0 C:\xampp\htdocs\DEWII\vendor\codeigniter4\framework\system\View\View.php(228): CodeIgniter\Exceptions\FrameworkException::forInvalidFile('mahasiswa/heade...')
#1 C:\xampp\htdocs\DEWII\vendor\codeigniter4\framework\system\Common.php(1119): CodeIgniter\View\View->render('mahasiswa/heade...', Array, true)
#2 C:\xampp\htdocs\DEWII\app\Controllers\Home.php(16): view('mahasiswa/heade...')
#3 C:\xampp\htdocs\DEWII\vendor\codeigniter4\framework\system\CodeIgniter.php(918): App\Controllers\Home->show()
#4 C:\xampp\htdocs\DEWII\vendor\codeigniter4\framework\system\CodeIgniter.php(404): CodeIgniter\CodeIgniter->runController(Object(App\Controllers\Home))
#5 C:\xampp\htdocs\DEWII\vendor\codeigniter4\framework\system\CodeIgniter.php(312): CodeIgniter\CodeIgniter->handleRequest(NULL, Object(Config\Cache), false)
#6 C:\xampp\htdocs\DEWII\public\index.php(45): CodeIgniter\CodeIgniter->run()
#7 C:\xampp\htdocs\DEWII\vendor\codeigniter4\framework\system\Commands\Server\rewrite.php(34): require_once('C:\\xampp\\htdocs...')
#8 {main}
CRITICAL - 2020-10-16 07:27:37 --> Invalid file: mahasiswa/header.php
#0 C:\xampp\htdocs\DEWII\vendor\codeigniter4\framework\system\View\View.php(228): CodeIgniter\Exceptions\FrameworkException::forInvalidFile('mahasiswa/heade...')
#1 C:\xampp\htdocs\DEWII\vendor\codeigniter4\framework\system\Common.php(1119): CodeIgniter\View\View->render('mahasiswa/heade...', Array, true)
#2 C:\xampp\htdocs\DEWII\app\Controllers\Home.php(16): view('mahasiswa/heade...')
#3 C:\xampp\htdocs\DEWII\vendor\codeigniter4\framework\system\CodeIgniter.php(918): App\Controllers\Home->show()
#4 C:\xampp\htdocs\DEWII\vendor\codeigniter4\framework\system\CodeIgniter.php(404): CodeIgniter\CodeIgniter->runController(Object(App\Controllers\Home))
#5 C:\xampp\htdocs\DEWII\vendor\codeigniter4\framework\system\CodeIgniter.php(312): CodeIgniter\CodeIgniter->handleRequest(NULL, Object(Config\Cache), false)
#6 C:\xampp\htdocs\DEWII\public\index.php(45): CodeIgniter\CodeIgniter->run()
#7 C:\xampp\htdocs\DEWII\vendor\codeigniter4\framework\system\Commands\Server\rewrite.php(34): require_once('C:\\xampp\\htdocs...')
#8 {main}
CRITICAL - 2020-10-16 07:29:21 --> Invalid file: mahasiswa/index.php
#0 C:\xampp\htdocs\DEWII\vendor\codeigniter4\framework\system\View\View.php(228): CodeIgniter\Exceptions\FrameworkException::forInvalidFile('mahasiswa/index...')
#1 C:\xampp\htdocs\DEWII\vendor\codeigniter4\framework\system\Common.php(1119): CodeIgniter\View\View->render('mahasiswa/index', Array, true)
#2 C:\xampp\htdocs\DEWII\app\Controllers\Home.php(13): view('mahasiswa/index')
#3 C:\xampp\htdocs\DEWII\vendor\codeigniter4\framework\system\CodeIgniter.php(918): App\Controllers\Home->show()
#4 C:\xampp\htdocs\DEWII\vendor\codeigniter4\framework\system\CodeIgniter.php(404): CodeIgniter\CodeIgniter->runController(Object(App\Controllers\Home))
#5 C:\xampp\htdocs\DEWII\vendor\codeigniter4\framework\system\CodeIgniter.php(312): CodeIgniter\CodeIgniter->handleRequest(NULL, Object(Config\Cache), false)
#6 C:\xampp\htdocs\DEWII\public\index.php(45): CodeIgniter\CodeIgniter->run()
#7 C:\xampp\htdocs\DEWII\vendor\codeigniter4\framework\system\Commands\Server\rewrite.php(34): require_once('C:\\xampp\\htdocs...')
#8 {main}
