CRITICAL - 2020-10-23 02:55:52 --> syntax error, unexpected 'functiom' (T_STRING), expecting function (T_FUNCTION) or const (T_CONST)
#0 C:\xampp\htdocs\DEWII\vendor\codeigniter4\framework\system\Router\Router.php(195): CodeIgniter\Router\Router->autoRoute('Helloworld/inde...')
#1 C:\xampp\htdocs\DEWII\vendor\codeigniter4\framework\system\CodeIgniter.php(793): CodeIgniter\Router\Router->handle('Helloworld/inde...')
#2 C:\xampp\htdocs\DEWII\vendor\codeigniter4\framework\system\CodeIgniter.php(364): CodeIgniter\CodeIgniter->tryToRouteIt(Object(CodeIgniter\Router\RouteCollection))
#3 C:\xampp\htdocs\DEWII\vendor\codeigniter4\framework\system\CodeIgniter.php(312): CodeIgniter\CodeIgniter->handleRequest(NULL, Object(Config\Cache), false)
#4 C:\xampp\htdocs\DEWII\public\index.php(45): CodeIgniter\CodeIgniter->run()
#5 C:\xampp\htdocs\DEWII\vendor\codeigniter4\framework\system\Commands\Server\rewrite.php(34): require_once('C:\\xampp\\htdocs...')
#6 {main}
CRITICAL - 2020-10-23 02:56:20 --> Class 'App\Contoller\BaseController' not found
#0 C:\xampp\htdocs\DEWII\vendor\codeigniter4\framework\system\Router\Router.php(583): include_once()
#1 C:\xampp\htdocs\DEWII\vendor\codeigniter4\framework\system\Router\Router.php(195): CodeIgniter\Router\Router->autoRoute('Helloworld/inde...')
#2 C:\xampp\htdocs\DEWII\vendor\codeigniter4\framework\system\CodeIgniter.php(793): CodeIgniter\Router\Router->handle('Helloworld/inde...')
#3 C:\xampp\htdocs\DEWII\vendor\codeigniter4\framework\system\CodeIgniter.php(364): CodeIgniter\CodeIgniter->tryToRouteIt(Object(CodeIgniter\Router\RouteCollection))
#4 C:\xampp\htdocs\DEWII\vendor\codeigniter4\framework\system\CodeIgniter.php(312): CodeIgniter\CodeIgniter->handleRequest(NULL, Object(Config\Cache), false)
#5 C:\xampp\htdocs\DEWII\public\index.php(45): CodeIgniter\CodeIgniter->run()
#6 C:\xampp\htdocs\DEWII\vendor\codeigniter4\framework\system\Commands\Server\rewrite.php(34): require_once('C:\\xampp\\htdocs...')
#7 {main}
CRITICAL - 2020-10-23 02:57:11 --> Class 'App\Controller\BaseController' not found
#0 C:\xampp\htdocs\DEWII\vendor\codeigniter4\framework\system\Router\Router.php(583): include_once()
#1 C:\xampp\htdocs\DEWII\vendor\codeigniter4\framework\system\Router\Router.php(195): CodeIgniter\Router\Router->autoRoute('Helloworld/inde...')
#2 C:\xampp\htdocs\DEWII\vendor\codeigniter4\framework\system\CodeIgniter.php(793): CodeIgniter\Router\Router->handle('Helloworld/inde...')
#3 C:\xampp\htdocs\DEWII\vendor\codeigniter4\framework\system\CodeIgniter.php(364): CodeIgniter\CodeIgniter->tryToRouteIt(Object(CodeIgniter\Router\RouteCollection))
#4 C:\xampp\htdocs\DEWII\vendor\codeigniter4\framework\system\CodeIgniter.php(312): CodeIgniter\CodeIgniter->handleRequest(NULL, Object(Config\Cache), false)
#5 C:\xampp\htdocs\DEWII\public\index.php(45): CodeIgniter\CodeIgniter->run()
#6 C:\xampp\htdocs\DEWII\vendor\codeigniter4\framework\system\Commands\Server\rewrite.php(34): require_once('C:\\xampp\\htdocs...')
#7 {main}
CRITICAL - 2020-10-23 02:57:28 --> Class 'App\Controller\BaseController' not found
#0 C:\xampp\htdocs\DEWII\vendor\codeigniter4\framework\system\Router\Router.php(583): include_once()
#1 C:\xampp\htdocs\DEWII\vendor\codeigniter4\framework\system\Router\Router.php(195): CodeIgniter\Router\Router->autoRoute('Helloworld/inde...')
#2 C:\xampp\htdocs\DEWII\vendor\codeigniter4\framework\system\CodeIgniter.php(793): CodeIgniter\Router\Router->handle('Helloworld/inde...')
#3 C:\xampp\htdocs\DEWII\vendor\codeigniter4\framework\system\CodeIgniter.php(364): CodeIgniter\CodeIgniter->tryToRouteIt(Object(CodeIgniter\Router\RouteCollection))
#4 C:\xampp\htdocs\DEWII\vendor\codeigniter4\framework\system\CodeIgniter.php(312): CodeIgniter\CodeIgniter->handleRequest(NULL, Object(Config\Cache), false)
#5 C:\xampp\htdocs\DEWII\public\index.php(45): CodeIgniter\CodeIgniter->run()
#6 C:\xampp\htdocs\DEWII\vendor\codeigniter4\framework\system\Commands\Server\rewrite.php(34): require_once('C:\\xampp\\htdocs...')
#7 {main}
CRITICAL - 2020-10-23 02:59:08 --> Class 'App\Controller\BaseController' not found
#0 C:\xampp\htdocs\DEWII\vendor\codeigniter4\framework\system\Router\Router.php(583): include_once()
#1 C:\xampp\htdocs\DEWII\vendor\codeigniter4\framework\system\Router\Router.php(195): CodeIgniter\Router\Router->autoRoute('Helloworld/inde...')
#2 C:\xampp\htdocs\DEWII\vendor\codeigniter4\framework\system\CodeIgniter.php(793): CodeIgniter\Router\Router->handle('Helloworld/inde...')
#3 C:\xampp\htdocs\DEWII\vendor\codeigniter4\framework\system\CodeIgniter.php(364): CodeIgniter\CodeIgniter->tryToRouteIt(Object(CodeIgniter\Router\RouteCollection))
#4 C:\xampp\htdocs\DEWII\vendor\codeigniter4\framework\system\CodeIgniter.php(312): CodeIgniter\CodeIgniter->handleRequest(NULL, Object(Config\Cache), false)
#5 C:\xampp\htdocs\DEWII\public\index.php(45): CodeIgniter\CodeIgniter->run()
#6 C:\xampp\htdocs\DEWII\vendor\codeigniter4\framework\system\Commands\Server\rewrite.php(34): require_once('C:\\xampp\\htdocs...')
#7 {main}
CRITICAL - 2020-10-23 03:02:02 --> Class 'App\Controller\BaseController' not found
#0 C:\xampp\htdocs\DEWII\vendor\codeigniter4\framework\system\Router\Router.php(583): include_once()
#1 C:\xampp\htdocs\DEWII\vendor\codeigniter4\framework\system\Router\Router.php(195): CodeIgniter\Router\Router->autoRoute('Helloworld/inde...')
#2 C:\xampp\htdocs\DEWII\vendor\codeigniter4\framework\system\CodeIgniter.php(793): CodeIgniter\Router\Router->handle('Helloworld/inde...')
#3 C:\xampp\htdocs\DEWII\vendor\codeigniter4\framework\system\CodeIgniter.php(364): CodeIgniter\CodeIgniter->tryToRouteIt(Object(CodeIgniter\Router\RouteCollection))
#4 C:\xampp\htdocs\DEWII\vendor\codeigniter4\framework\system\CodeIgniter.php(312): CodeIgniter\CodeIgniter->handleRequest(NULL, Object(Config\Cache), false)
#5 C:\xampp\htdocs\DEWII\public\index.php(45): CodeIgniter\CodeIgniter->run()
#6 C:\xampp\htdocs\DEWII\vendor\codeigniter4\framework\system\Commands\Server\rewrite.php(34): require_once('C:\\xampp\\htdocs...')
#7 {main}
CRITICAL - 2020-10-23 03:05:32 --> Class 'App\Controller\BaseController' not found
#0 C:\xampp\htdocs\DEWII\vendor\codeigniter4\framework\system\Router\Router.php(583): include_once()
#1 C:\xampp\htdocs\DEWII\vendor\codeigniter4\framework\system\Router\Router.php(195): CodeIgniter\Router\Router->autoRoute('Helloworld/inde...')
#2 C:\xampp\htdocs\DEWII\vendor\codeigniter4\framework\system\CodeIgniter.php(793): CodeIgniter\Router\Router->handle('Helloworld/inde...')
#3 C:\xampp\htdocs\DEWII\vendor\codeigniter4\framework\system\CodeIgniter.php(364): CodeIgniter\CodeIgniter->tryToRouteIt(Object(CodeIgniter\Router\RouteCollection))
#4 C:\xampp\htdocs\DEWII\vendor\codeigniter4\framework\system\CodeIgniter.php(312): CodeIgniter\CodeIgniter->handleRequest(NULL, Object(Config\Cache), false)
#5 C:\xampp\htdocs\DEWII\public\index.php(45): CodeIgniter\CodeIgniter->run()
#6 C:\xampp\htdocs\DEWII\vendor\codeigniter4\framework\system\Commands\Server\rewrite.php(34): require_once('C:\\xampp\\htdocs...')
#7 {main}
CRITICAL - 2020-10-23 03:06:52 --> Class 'App\Controller\Helloworld' not found
#0 C:\xampp\htdocs\DEWII\vendor\codeigniter4\framework\system\Router\Router.php(583): include_once()
#1 C:\xampp\htdocs\DEWII\vendor\codeigniter4\framework\system\Router\Router.php(195): CodeIgniter\Router\Router->autoRoute('Helloworld/inde...')
#2 C:\xampp\htdocs\DEWII\vendor\codeigniter4\framework\system\CodeIgniter.php(793): CodeIgniter\Router\Router->handle('Helloworld/inde...')
#3 C:\xampp\htdocs\DEWII\vendor\codeigniter4\framework\system\CodeIgniter.php(364): CodeIgniter\CodeIgniter->tryToRouteIt(Object(CodeIgniter\Router\RouteCollection))
#4 C:\xampp\htdocs\DEWII\vendor\codeigniter4\framework\system\CodeIgniter.php(312): CodeIgniter\CodeIgniter->handleRequest(NULL, Object(Config\Cache), false)
#5 C:\xampp\htdocs\DEWII\public\index.php(45): CodeIgniter\CodeIgniter->run()
#6 C:\xampp\htdocs\DEWII\vendor\codeigniter4\framework\system\Commands\Server\rewrite.php(34): require_once('C:\\xampp\\htdocs...')
#7 {main}
CRITICAL - 2020-10-23 03:07:50 --> Class 'App\Controller\BaseController' not found
#0 C:\xampp\htdocs\DEWII\vendor\codeigniter4\framework\system\Router\Router.php(583): include_once()
#1 C:\xampp\htdocs\DEWII\vendor\codeigniter4\framework\system\Router\Router.php(195): CodeIgniter\Router\Router->autoRoute('Helloworld/inde...')
#2 C:\xampp\htdocs\DEWII\vendor\codeigniter4\framework\system\CodeIgniter.php(793): CodeIgniter\Router\Router->handle('Helloworld/inde...')
#3 C:\xampp\htdocs\DEWII\vendor\codeigniter4\framework\system\CodeIgniter.php(364): CodeIgniter\CodeIgniter->tryToRouteIt(Object(CodeIgniter\Router\RouteCollection))
#4 C:\xampp\htdocs\DEWII\vendor\codeigniter4\framework\system\CodeIgniter.php(312): CodeIgniter\CodeIgniter->handleRequest(NULL, Object(Config\Cache), false)
#5 C:\xampp\htdocs\DEWII\public\index.php(45): CodeIgniter\CodeIgniter->run()
#6 C:\xampp\htdocs\DEWII\vendor\codeigniter4\framework\system\Commands\Server\rewrite.php(34): require_once('C:\\xampp\\htdocs...')
#7 {main}
CRITICAL - 2020-10-23 03:07:53 --> Class 'App\Controller\BaseController' not found
#0 C:\xampp\htdocs\DEWII\vendor\codeigniter4\framework\system\Router\Router.php(583): include_once()
#1 C:\xampp\htdocs\DEWII\vendor\codeigniter4\framework\system\Router\Router.php(195): CodeIgniter\Router\Router->autoRoute('Helloworld/inde...')
#2 C:\xampp\htdocs\DEWII\vendor\codeigniter4\framework\system\CodeIgniter.php(793): CodeIgniter\Router\Router->handle('Helloworld/inde...')
#3 C:\xampp\htdocs\DEWII\vendor\codeigniter4\framework\system\CodeIgniter.php(364): CodeIgniter\CodeIgniter->tryToRouteIt(Object(CodeIgniter\Router\RouteCollection))
#4 C:\xampp\htdocs\DEWII\vendor\codeigniter4\framework\system\CodeIgniter.php(312): CodeIgniter\CodeIgniter->handleRequest(NULL, Object(Config\Cache), false)
#5 C:\xampp\htdocs\DEWII\public\index.php(45): CodeIgniter\CodeIgniter->run()
#6 C:\xampp\htdocs\DEWII\vendor\codeigniter4\framework\system\Commands\Server\rewrite.php(34): require_once('C:\\xampp\\htdocs...')
#7 {main}
CRITICAL - 2020-10-23 03:09:07 --> syntax error, unexpected '.', expecting '{'
#0 C:\xampp\htdocs\DEWII\vendor\codeigniter4\framework\system\Router\Router.php(195): CodeIgniter\Router\Router->autoRoute('Helloworld/inde...')
#1 C:\xampp\htdocs\DEWII\vendor\codeigniter4\framework\system\CodeIgniter.php(793): CodeIgniter\Router\Router->handle('Helloworld/inde...')
#2 C:\xampp\htdocs\DEWII\vendor\codeigniter4\framework\system\CodeIgniter.php(364): CodeIgniter\CodeIgniter->tryToRouteIt(Object(CodeIgniter\Router\RouteCollection))
#3 C:\xampp\htdocs\DEWII\vendor\codeigniter4\framework\system\CodeIgniter.php(312): CodeIgniter\CodeIgniter->handleRequest(NULL, Object(Config\Cache), false)
#4 C:\xampp\htdocs\DEWII\public\index.php(45): CodeIgniter\CodeIgniter->run()
#5 C:\xampp\htdocs\DEWII\vendor\codeigniter4\framework\system\Commands\Server\rewrite.php(34): require_once('C:\\xampp\\htdocs...')
#6 {main}
CRITICAL - 2020-10-23 03:09:24 --> Class 'App\Controller\BaseController' not found
#0 C:\xampp\htdocs\DEWII\vendor\codeigniter4\framework\system\Router\Router.php(583): include_once()
#1 C:\xampp\htdocs\DEWII\vendor\codeigniter4\framework\system\Router\Router.php(195): CodeIgniter\Router\Router->autoRoute('Helloworld/inde...')
#2 C:\xampp\htdocs\DEWII\vendor\codeigniter4\framework\system\CodeIgniter.php(793): CodeIgniter\Router\Router->handle('Helloworld/inde...')
#3 C:\xampp\htdocs\DEWII\vendor\codeigniter4\framework\system\CodeIgniter.php(364): CodeIgniter\CodeIgniter->tryToRouteIt(Object(CodeIgniter\Router\RouteCollection))
#4 C:\xampp\htdocs\DEWII\vendor\codeigniter4\framework\system\CodeIgniter.php(312): CodeIgniter\CodeIgniter->handleRequest(NULL, Object(Config\Cache), false)
#5 C:\xampp\htdocs\DEWII\public\index.php(45): CodeIgniter\CodeIgniter->run()
#6 C:\xampp\htdocs\DEWII\vendor\codeigniter4\framework\system\Commands\Server\rewrite.php(34): require_once('C:\\xampp\\htdocs...')
#7 {main}
CRITICAL - 2020-10-23 03:11:09 --> Class 'App\Controller\BaseController' not found
#0 C:\xampp\htdocs\DEWII\vendor\codeigniter4\framework\system\Router\Router.php(583): include_once()
#1 C:\xampp\htdocs\DEWII\vendor\codeigniter4\framework\system\Router\Router.php(195): CodeIgniter\Router\Router->autoRoute('Helloworld/inde...')
#2 C:\xampp\htdocs\DEWII\vendor\codeigniter4\framework\system\CodeIgniter.php(793): CodeIgniter\Router\Router->handle('Helloworld/inde...')
#3 C:\xampp\htdocs\DEWII\vendor\codeigniter4\framework\system\CodeIgniter.php(364): CodeIgniter\CodeIgniter->tryToRouteIt(Object(CodeIgniter\Router\RouteCollection))
#4 C:\xampp\htdocs\DEWII\vendor\codeigniter4\framework\system\CodeIgniter.php(312): CodeIgniter\CodeIgniter->handleRequest(NULL, Object(Config\Cache), false)
#5 C:\xampp\htdocs\DEWII\public\index.php(45): CodeIgniter\CodeIgniter->run()
#6 C:\xampp\htdocs\DEWII\vendor\codeigniter4\framework\system\Commands\Server\rewrite.php(34): require_once('C:\\xampp\\htdocs...')
#7 {main}
CRITICAL - 2020-10-23 03:21:37 --> Class 'App\Controller\BaseController' not found
#0 C:\xampp\htdocs\DEWII\vendor\codeigniter4\framework\system\Router\Router.php(583): include_once()
#1 C:\xampp\htdocs\DEWII\vendor\codeigniter4\framework\system\Router\Router.php(195): CodeIgniter\Router\Router->autoRoute('Helloworld/inde...')
#2 C:\xampp\htdocs\DEWII\vendor\codeigniter4\framework\system\CodeIgniter.php(793): CodeIgniter\Router\Router->handle('Helloworld/inde...')
#3 C:\xampp\htdocs\DEWII\vendor\codeigniter4\framework\system\CodeIgniter.php(364): CodeIgniter\CodeIgniter->tryToRouteIt(Object(CodeIgniter\Router\RouteCollection))
#4 C:\xampp\htdocs\DEWII\vendor\codeigniter4\framework\system\CodeIgniter.php(312): CodeIgniter\CodeIgniter->handleRequest(NULL, Object(Config\Cache), false)
#5 C:\xampp\htdocs\DEWII\public\index.php(45): CodeIgniter\CodeIgniter->run()
#6 C:\xampp\htdocs\DEWII\vendor\codeigniter4\framework\system\Commands\Server\rewrite.php(34): require_once('C:\\xampp\\htdocs...')
#7 {main}
CRITICAL - 2020-10-23 03:46:29 --> Class 'App\Controller\BaseController' not found
#0 C:\xampp\htdocs\DEWII\vendor\codeigniter4\framework\system\Router\Router.php(583): include_once()
#1 C:\xampp\htdocs\DEWII\vendor\codeigniter4\framework\system\Router\Router.php(195): CodeIgniter\Router\Router->autoRoute('Helloworld/inde...')
#2 C:\xampp\htdocs\DEWII\vendor\codeigniter4\framework\system\CodeIgniter.php(793): CodeIgniter\Router\Router->handle('Helloworld/inde...')
#3 C:\xampp\htdocs\DEWII\vendor\codeigniter4\framework\system\CodeIgniter.php(364): CodeIgniter\CodeIgniter->tryToRouteIt(Object(CodeIgniter\Router\RouteCollection))
#4 C:\xampp\htdocs\DEWII\vendor\codeigniter4\framework\system\CodeIgniter.php(312): CodeIgniter\CodeIgniter->handleRequest(NULL, Object(Config\Cache), false)
#5 C:\xampp\htdocs\DEWII\public\index.php(45): CodeIgniter\CodeIgniter->run()
#6 C:\xampp\htdocs\DEWII\vendor\codeigniter4\framework\system\Commands\Server\rewrite.php(34): require_once('C:\\xampp\\htdocs...')
#7 {main}
CRITICAL - 2020-10-23 04:06:29 --> syntax error, unexpected ':', expecting ',' or ';'
#0 C:\xampp\htdocs\DEWII\vendor\codeigniter4\framework\system\Router\Router.php(195): CodeIgniter\Router\Router->autoRoute('Helloworld/inde...')
#1 C:\xampp\htdocs\DEWII\vendor\codeigniter4\framework\system\CodeIgniter.php(793): CodeIgniter\Router\Router->handle('Helloworld/inde...')
#2 C:\xampp\htdocs\DEWII\vendor\codeigniter4\framework\system\CodeIgniter.php(364): CodeIgniter\CodeIgniter->tryToRouteIt(Object(CodeIgniter\Router\RouteCollection))
#3 C:\xampp\htdocs\DEWII\vendor\codeigniter4\framework\system\CodeIgniter.php(312): CodeIgniter\CodeIgniter->handleRequest(NULL, Object(Config\Cache), false)
#4 C:\xampp\htdocs\DEWII\public\index.php(45): CodeIgniter\CodeIgniter->run()
#5 C:\xampp\htdocs\DEWII\vendor\codeigniter4\framework\system\Commands\Server\rewrite.php(34): require_once('C:\\xampp\\htdocs...')
#6 {main}
CRITICAL - 2020-10-23 04:06:42 --> Class 'App\Controller\BaseController' not found
#0 C:\xampp\htdocs\DEWII\vendor\codeigniter4\framework\system\Router\Router.php(583): include_once()
#1 C:\xampp\htdocs\DEWII\vendor\codeigniter4\framework\system\Router\Router.php(195): CodeIgniter\Router\Router->autoRoute('Helloworld/inde...')
#2 C:\xampp\htdocs\DEWII\vendor\codeigniter4\framework\system\CodeIgniter.php(793): CodeIgniter\Router\Router->handle('Helloworld/inde...')
#3 C:\xampp\htdocs\DEWII\vendor\codeigniter4\framework\system\CodeIgniter.php(364): CodeIgniter\CodeIgniter->tryToRouteIt(Object(CodeIgniter\Router\RouteCollection))
#4 C:\xampp\htdocs\DEWII\vendor\codeigniter4\framework\system\CodeIgniter.php(312): CodeIgniter\CodeIgniter->handleRequest(NULL, Object(Config\Cache), false)
#5 C:\xampp\htdocs\DEWII\public\index.php(45): CodeIgniter\CodeIgniter->run()
#6 C:\xampp\htdocs\DEWII\vendor\codeigniter4\framework\system\Commands\Server\rewrite.php(34): require_once('C:\\xampp\\htdocs...')
#7 {main}
CRITICAL - 2020-10-23 04:06:58 --> Class 'App\Controller\BaseController' not found
#0 C:\xampp\htdocs\DEWII\vendor\codeigniter4\framework\system\Router\Router.php(583): include_once()
#1 C:\xampp\htdocs\DEWII\vendor\codeigniter4\framework\system\Router\Router.php(195): CodeIgniter\Router\Router->autoRoute('Helloworld/inde...')
#2 C:\xampp\htdocs\DEWII\vendor\codeigniter4\framework\system\CodeIgniter.php(793): CodeIgniter\Router\Router->handle('Helloworld/inde...')
#3 C:\xampp\htdocs\DEWII\vendor\codeigniter4\framework\system\CodeIgniter.php(364): CodeIgniter\CodeIgniter->tryToRouteIt(Object(CodeIgniter\Router\RouteCollection))
#4 C:\xampp\htdocs\DEWII\vendor\codeigniter4\framework\system\CodeIgniter.php(312): CodeIgniter\CodeIgniter->handleRequest(NULL, Object(Config\Cache), false)
#5 C:\xampp\htdocs\DEWII\public\index.php(45): CodeIgniter\CodeIgniter->run()
#6 C:\xampp\htdocs\DEWII\vendor\codeigniter4\framework\system\Commands\Server\rewrite.php(34): require_once('C:\\xampp\\htdocs...')
#7 {main}
CRITICAL - 2020-10-23 04:07:00 --> Class 'App\Controller\BaseController' not found
#0 C:\xampp\htdocs\DEWII\vendor\codeigniter4\framework\system\Router\Router.php(583): include_once()
#1 C:\xampp\htdocs\DEWII\vendor\codeigniter4\framework\system\Router\Router.php(195): CodeIgniter\Router\Router->autoRoute('Helloworld/inde...')
#2 C:\xampp\htdocs\DEWII\vendor\codeigniter4\framework\system\CodeIgniter.php(793): CodeIgniter\Router\Router->handle('Helloworld/inde...')
#3 C:\xampp\htdocs\DEWII\vendor\codeigniter4\framework\system\CodeIgniter.php(364): CodeIgniter\CodeIgniter->tryToRouteIt(Object(CodeIgniter\Router\RouteCollection))
#4 C:\xampp\htdocs\DEWII\vendor\codeigniter4\framework\system\CodeIgniter.php(312): CodeIgniter\CodeIgniter->handleRequest(NULL, Object(Config\Cache), false)
#5 C:\xampp\htdocs\DEWII\public\index.php(45): CodeIgniter\CodeIgniter->run()
#6 C:\xampp\htdocs\DEWII\vendor\codeigniter4\framework\system\Commands\Server\rewrite.php(34): require_once('C:\\xampp\\htdocs...')
#7 {main}
CRITICAL - 2020-10-23 04:23:54 --> Class 'App\Controllers\BaseControllers' not found
#0 C:\xampp\htdocs\DEWII\vendor\codeigniter4\framework\system\Router\Router.php(583): include_once()
#1 C:\xampp\htdocs\DEWII\vendor\codeigniter4\framework\system\Router\Router.php(195): CodeIgniter\Router\Router->autoRoute('Helloworld/inde...')
#2 C:\xampp\htdocs\DEWII\vendor\codeigniter4\framework\system\CodeIgniter.php(793): CodeIgniter\Router\Router->handle('Helloworld/inde...')
#3 C:\xampp\htdocs\DEWII\vendor\codeigniter4\framework\system\CodeIgniter.php(364): CodeIgniter\CodeIgniter->tryToRouteIt(Object(CodeIgniter\Router\RouteCollection))
#4 C:\xampp\htdocs\DEWII\vendor\codeigniter4\framework\system\CodeIgniter.php(312): CodeIgniter\CodeIgniter->handleRequest(NULL, Object(Config\Cache), false)
#5 C:\xampp\htdocs\DEWII\public\index.php(45): CodeIgniter\CodeIgniter->run()
#6 C:\xampp\htdocs\DEWII\vendor\codeigniter4\framework\system\Commands\Server\rewrite.php(34): require_once('C:\\xampp\\htdocs...')
#7 {main}
CRITICAL - 2020-10-23 05:05:21 --> syntax error, unexpected '}', expecting end of file
#0 C:\xampp\htdocs\DEWII\vendor\codeigniter4\framework\system\CodeIgniter.php(364): CodeIgniter\CodeIgniter->tryToRouteIt(NULL)
#1 C:\xampp\htdocs\DEWII\vendor\codeigniter4\framework\system\CodeIgniter.php(312): CodeIgniter\CodeIgniter->handleRequest(NULL, Object(Config\Cache), false)
#2 C:\xampp\htdocs\DEWII\public\index.php(45): CodeIgniter\CodeIgniter->run()
#3 C:\xampp\htdocs\DEWII\vendor\codeigniter4\framework\system\Commands\Server\rewrite.php(34): require_once('C:\\xampp\\htdocs...')
#4 {main}
CRITICAL - 2020-10-23 05:13:38 --> Invalid file: mahasiswa/header.php
#0 C:\xampp\htdocs\DEWII\vendor\codeigniter4\framework\system\View\View.php(228): CodeIgniter\Exceptions\FrameworkException::forInvalidFile('mahasiswa/heade...')
#1 C:\xampp\htdocs\DEWII\vendor\codeigniter4\framework\system\Common.php(1119): CodeIgniter\View\View->render('mahasiswa/heade...', Array, true)
#2 C:\xampp\htdocs\DEWII\app\Config\Routes.php(36): view('mahasiswa/heade...')
#3 C:\xampp\htdocs\DEWII\vendor\codeigniter4\framework\system\CodeIgniter.php(859): CodeIgniter\CodeIgniter->Config\{closure}()
#4 C:\xampp\htdocs\DEWII\vendor\codeigniter4\framework\system\CodeIgniter.php(394): CodeIgniter\CodeIgniter->startController()
#5 C:\xampp\htdocs\DEWII\vendor\codeigniter4\framework\system\CodeIgniter.php(312): CodeIgniter\CodeIgniter->handleRequest(NULL, Object(Config\Cache), false)
#6 C:\xampp\htdocs\DEWII\public\index.php(45): CodeIgniter\CodeIgniter->run()
#7 C:\xampp\htdocs\DEWII\vendor\codeigniter4\framework\system\Commands\Server\rewrite.php(34): require_once('C:\\xampp\\htdocs...')
#8 {main}
CRITICAL - 2020-10-23 05:13:49 --> Invalid file: mahasiswa/header.php
#0 C:\xampp\htdocs\DEWII\vendor\codeigniter4\framework\system\View\View.php(228): CodeIgniter\Exceptions\FrameworkException::forInvalidFile('mahasiswa/heade...')
#1 C:\xampp\htdocs\DEWII\vendor\codeigniter4\framework\system\Common.php(1119): CodeIgniter\View\View->render('mahasiswa/heade...', Array, true)
#2 C:\xampp\htdocs\DEWII\app\Config\Routes.php(36): view('mahasiswa/heade...')
#3 C:\xampp\htdocs\DEWII\vendor\codeigniter4\framework\system\CodeIgniter.php(859): CodeIgniter\CodeIgniter->Config\{closure}()
#4 C:\xampp\htdocs\DEWII\vendor\codeigniter4\framework\system\CodeIgniter.php(394): CodeIgniter\CodeIgniter->startController()
#5 C:\xampp\htdocs\DEWII\vendor\codeigniter4\framework\system\CodeIgniter.php(312): CodeIgniter\CodeIgniter->handleRequest(NULL, Object(Config\Cache), false)
#6 C:\xampp\htdocs\DEWII\public\index.php(45): CodeIgniter\CodeIgniter->run()
#7 C:\xampp\htdocs\DEWII\vendor\codeigniter4\framework\system\Commands\Server\rewrite.php(34): require_once('C:\\xampp\\htdocs...')
#8 {main}
CRITICAL - 2020-10-23 06:49:52 --> Invalid file: mahasiswa/header.php
#0 C:\xampp\htdocs\DEWII\vendor\codeigniter4\framework\system\View\View.php(228): CodeIgniter\Exceptions\FrameworkException::forInvalidFile('mahasiswa/heade...')
#1 C:\xampp\htdocs\DEWII\vendor\codeigniter4\framework\system\Common.php(1119): CodeIgniter\View\View->render('mahasiswa/heade...', Array, true)
#2 C:\xampp\htdocs\DEWII\app\Config\Routes.php(36): view('mahasiswa/heade...')
#3 C:\xampp\htdocs\DEWII\vendor\codeigniter4\framework\system\CodeIgniter.php(859): CodeIgniter\CodeIgniter->Config\{closure}()
#4 C:\xampp\htdocs\DEWII\vendor\codeigniter4\framework\system\CodeIgniter.php(394): CodeIgniter\CodeIgniter->startController()
#5 C:\xampp\htdocs\DEWII\vendor\codeigniter4\framework\system\CodeIgniter.php(312): CodeIgniter\CodeIgniter->handleRequest(NULL, Object(Config\Cache), false)
#6 C:\xampp\htdocs\DEWII\public\index.php(45): CodeIgniter\CodeIgniter->run()
#7 C:\xampp\htdocs\DEWII\vendor\codeigniter4\framework\system\Commands\Server\rewrite.php(34): require_once('C:\\xampp\\htdocs...')
#8 {main}
CRITICAL - 2020-10-23 06:55:39 --> Invalid file: mahasiswa/index.php
#0 C:\xampp\htdocs\DEWII\vendor\codeigniter4\framework\system\View\View.php(228): CodeIgniter\Exceptions\FrameworkException::forInvalidFile('mahasiswa/index...')
#1 C:\xampp\htdocs\DEWII\vendor\codeigniter4\framework\system\Common.php(1119): CodeIgniter\View\View->render('mahasiswa/index', Array, true)
#2 C:\xampp\htdocs\DEWII\app\Config\Routes.php(37): view('mahasiswa/index')
#3 C:\xampp\htdocs\DEWII\vendor\codeigniter4\framework\system\CodeIgniter.php(859): CodeIgniter\CodeIgniter->Config\{closure}()
#4 C:\xampp\htdocs\DEWII\vendor\codeigniter4\framework\system\CodeIgniter.php(394): CodeIgniter\CodeIgniter->startController()
#5 C:\xampp\htdocs\DEWII\vendor\codeigniter4\framework\system\CodeIgniter.php(312): CodeIgniter\CodeIgniter->handleRequest(NULL, Object(Config\Cache), false)
#6 C:\xampp\htdocs\DEWII\public\index.php(45): CodeIgniter\CodeIgniter->run()
#7 C:\xampp\htdocs\DEWII\vendor\codeigniter4\framework\system\Commands\Server\rewrite.php(34): require_once('C:\\xampp\\htdocs...')
#8 {main}
CRITICAL - 2020-10-23 06:55:47 --> Invalid file: mahasiswa/index.php
#0 C:\xampp\htdocs\DEWII\vendor\codeigniter4\framework\system\View\View.php(228): CodeIgniter\Exceptions\FrameworkException::forInvalidFile('mahasiswa/index...')
#1 C:\xampp\htdocs\DEWII\vendor\codeigniter4\framework\system\Common.php(1119): CodeIgniter\View\View->render('mahasiswa/index', Array, true)
#2 C:\xampp\htdocs\DEWII\app\Config\Routes.php(37): view('mahasiswa/index')
#3 C:\xampp\htdocs\DEWII\vendor\codeigniter4\framework\system\CodeIgniter.php(859): CodeIgniter\CodeIgniter->Config\{closure}()
#4 C:\xampp\htdocs\DEWII\vendor\codeigniter4\framework\system\CodeIgniter.php(394): CodeIgniter\CodeIgniter->startController()
#5 C:\xampp\htdocs\DEWII\vendor\codeigniter4\framework\system\CodeIgniter.php(312): CodeIgniter\CodeIgniter->handleRequest(NULL, Object(Config\Cache), false)
#6 C:\xampp\htdocs\DEWII\public\index.php(45): CodeIgniter\CodeIgniter->run()
#7 C:\xampp\htdocs\DEWII\vendor\codeigniter4\framework\system\Commands\Server\rewrite.php(34): require_once('C:\\xampp\\htdocs...')
#8 {main}
CRITICAL - 2020-10-23 06:58:36 --> Invalid file: mahasiswa/header.php
#0 C:\xampp\htdocs\DEWII\vendor\codeigniter4\framework\system\View\View.php(228): CodeIgniter\Exceptions\FrameworkException::forInvalidFile('mahasiswa/heade...')
#1 C:\xampp\htdocs\DEWII\vendor\codeigniter4\framework\system\Common.php(1119): CodeIgniter\View\View->render('mahasiswa/heade...', Array, true)
#2 C:\xampp\htdocs\DEWII\app\Config\Routes.php(36): view('mahasiswa/heade...')
#3 C:\xampp\htdocs\DEWII\vendor\codeigniter4\framework\system\CodeIgniter.php(859): CodeIgniter\CodeIgniter->Config\{closure}()
#4 C:\xampp\htdocs\DEWII\vendor\codeigniter4\framework\system\CodeIgniter.php(394): CodeIgniter\CodeIgniter->startController()
#5 C:\xampp\htdocs\DEWII\vendor\codeigniter4\framework\system\CodeIgniter.php(312): CodeIgniter\CodeIgniter->handleRequest(NULL, Object(Config\Cache), false)
#6 C:\xampp\htdocs\DEWII\public\index.php(45): CodeIgniter\CodeIgniter->run()
#7 C:\xampp\htdocs\DEWII\vendor\codeigniter4\framework\system\Commands\Server\rewrite.php(34): require_once('C:\\xampp\\htdocs...')
#8 {main}
CRITICAL - 2020-10-23 07:10:26 --> Invalid file: mahasiswa/header.php
#0 C:\xampp\htdocs\DEWII\vendor\codeigniter4\framework\system\View\View.php(228): CodeIgniter\Exceptions\FrameworkException::forInvalidFile('mahasiswa/heade...')
#1 C:\xampp\htdocs\DEWII\vendor\codeigniter4\framework\system\Common.php(1119): CodeIgniter\View\View->render('mahasiswa/heade...', Array, true)
#2 C:\xampp\htdocs\DEWII\app\Config\Routes.php(36): view('mahasiswa/heade...')
#3 C:\xampp\htdocs\DEWII\vendor\codeigniter4\framework\system\CodeIgniter.php(859): CodeIgniter\CodeIgniter->Config\{closure}()
#4 C:\xampp\htdocs\DEWII\vendor\codeigniter4\framework\system\CodeIgniter.php(394): CodeIgniter\CodeIgniter->startController()
#5 C:\xampp\htdocs\DEWII\vendor\codeigniter4\framework\system\CodeIgniter.php(312): CodeIgniter\CodeIgniter->handleRequest(NULL, Object(Config\Cache), false)
#6 C:\xampp\htdocs\DEWII\public\index.php(45): CodeIgniter\CodeIgniter->run()
#7 C:\xampp\htdocs\DEWII\vendor\codeigniter4\framework\system\Commands\Server\rewrite.php(34): require_once('C:\\xampp\\htdocs...')
#8 {main}
CRITICAL - 2020-10-23 07:10:48 --> Invalid file: mahasiswa/header.php
#0 C:\xampp\htdocs\DEWII\vendor\codeigniter4\framework\system\View\View.php(228): CodeIgniter\Exceptions\FrameworkException::forInvalidFile('mahasiswa/heade...')
#1 C:\xampp\htdocs\DEWII\vendor\codeigniter4\framework\system\Common.php(1119): CodeIgniter\View\View->render('mahasiswa/heade...', Array, true)
#2 C:\xampp\htdocs\DEWII\app\Config\Routes.php(36): view('mahasiswa/heade...')
#3 C:\xampp\htdocs\DEWII\vendor\codeigniter4\framework\system\CodeIgniter.php(859): CodeIgniter\CodeIgniter->Config\{closure}()
#4 C:\xampp\htdocs\DEWII\vendor\codeigniter4\framework\system\CodeIgniter.php(394): CodeIgniter\CodeIgniter->startController()
#5 C:\xampp\htdocs\DEWII\vendor\codeigniter4\framework\system\CodeIgniter.php(312): CodeIgniter\CodeIgniter->handleRequest(NULL, Object(Config\Cache), false)
#6 C:\xampp\htdocs\DEWII\public\index.php(45): CodeIgniter\CodeIgniter->run()
#7 C:\xampp\htdocs\DEWII\vendor\codeigniter4\framework\system\Commands\Server\rewrite.php(34): require_once('C:\\xampp\\htdocs...')
#8 {main}
CRITICAL - 2020-10-23 07:15:48 --> Invalid file: mahasiswa/header.php
#0 C:\xampp\htdocs\DEWII\vendor\codeigniter4\framework\system\View\View.php(228): CodeIgniter\Exceptions\FrameworkException::forInvalidFile('mahasiswa/heade...')
#1 C:\xampp\htdocs\DEWII\vendor\codeigniter4\framework\system\Common.php(1119): CodeIgniter\View\View->render('mahasiswa/heade...', Array, true)
#2 C:\xampp\htdocs\DEWII\app\Config\Routes.php(36): view('mahasiswa/heade...')
#3 C:\xampp\htdocs\DEWII\vendor\codeigniter4\framework\system\CodeIgniter.php(859): CodeIgniter\CodeIgniter->Config\{closure}()
#4 C:\xampp\htdocs\DEWII\vendor\codeigniter4\framework\system\CodeIgniter.php(394): CodeIgniter\CodeIgniter->startController()
#5 C:\xampp\htdocs\DEWII\vendor\codeigniter4\framework\system\CodeIgniter.php(312): CodeIgniter\CodeIgniter->handleRequest(NULL, Object(Config\Cache), false)
#6 C:\xampp\htdocs\DEWII\public\index.php(45): CodeIgniter\CodeIgniter->run()
#7 C:\xampp\htdocs\DEWII\vendor\codeigniter4\framework\system\Commands\Server\rewrite.php(34): require_once('C:\\xampp\\htdocs...')
#8 {main}
CRITICAL - 2020-10-23 07:15:52 --> Invalid file: mahasiswa/header.php
#0 C:\xampp\htdocs\DEWII\vendor\codeigniter4\framework\system\View\View.php(228): CodeIgniter\Exceptions\FrameworkException::forInvalidFile('mahasiswa/heade...')
#1 C:\xampp\htdocs\DEWII\vendor\codeigniter4\framework\system\Common.php(1119): CodeIgniter\View\View->render('mahasiswa/heade...', Array, true)
#2 C:\xampp\htdocs\DEWII\app\Config\Routes.php(36): view('mahasiswa/heade...')
#3 C:\xampp\htdocs\DEWII\vendor\codeigniter4\framework\system\CodeIgniter.php(859): CodeIgniter\CodeIgniter->Config\{closure}()
#4 C:\xampp\htdocs\DEWII\vendor\codeigniter4\framework\system\CodeIgniter.php(394): CodeIgniter\CodeIgniter->startController()
#5 C:\xampp\htdocs\DEWII\vendor\codeigniter4\framework\system\CodeIgniter.php(312): CodeIgniter\CodeIgniter->handleRequest(NULL, Object(Config\Cache), false)
#6 C:\xampp\htdocs\DEWII\public\index.php(45): CodeIgniter\CodeIgniter->run()
#7 C:\xampp\htdocs\DEWII\vendor\codeigniter4\framework\system\Commands\Server\rewrite.php(34): require_once('C:\\xampp\\htdocs...')
#8 {main}
CRITICAL - 2020-10-23 07:16:22 --> Invalid file: mahasiswa/header.php
#0 C:\xampp\htdocs\DEWII\vendor\codeigniter4\framework\system\View\View.php(228): CodeIgniter\Exceptions\FrameworkException::forInvalidFile('mahasiswa/heade...')
#1 C:\xampp\htdocs\DEWII\vendor\codeigniter4\framework\system\Common.php(1119): CodeIgniter\View\View->render('mahasiswa/heade...', Array, true)
#2 C:\xampp\htdocs\DEWII\app\Config\Routes.php(36): view('mahasiswa/heade...')
#3 C:\xampp\htdocs\DEWII\vendor\codeigniter4\framework\system\CodeIgniter.php(859): CodeIgniter\CodeIgniter->Config\{closure}()
#4 C:\xampp\htdocs\DEWII\vendor\codeigniter4\framework\system\CodeIgniter.php(394): CodeIgniter\CodeIgniter->startController()
#5 C:\xampp\htdocs\DEWII\vendor\codeigniter4\framework\system\CodeIgniter.php(312): CodeIgniter\CodeIgniter->handleRequest(NULL, Object(Config\Cache), false)
#6 C:\xampp\htdocs\DEWII\public\index.php(45): CodeIgniter\CodeIgniter->run()
#7 C:\xampp\htdocs\DEWII\vendor\codeigniter4\framework\system\Commands\Server\rewrite.php(34): require_once('C:\\xampp\\htdocs...')
#8 {main}
CRITICAL - 2020-10-23 07:17:54 --> Invalid file: Mahasiswa/header.php
#0 C:\xampp\htdocs\DEWII\vendor\codeigniter4\framework\system\View\View.php(228): CodeIgniter\Exceptions\FrameworkException::forInvalidFile('Mahasiswa/heade...')
#1 C:\xampp\htdocs\DEWII\vendor\codeigniter4\framework\system\Common.php(1119): CodeIgniter\View\View->render('Mahasiswa/heade...', Array, true)
#2 C:\xampp\htdocs\DEWII\app\Config\Routes.php(36): view('Mahasiswa/heade...')
#3 C:\xampp\htdocs\DEWII\vendor\codeigniter4\framework\system\CodeIgniter.php(859): CodeIgniter\CodeIgniter->Config\{closure}()
#4 C:\xampp\htdocs\DEWII\vendor\codeigniter4\framework\system\CodeIgniter.php(394): CodeIgniter\CodeIgniter->startController()
#5 C:\xampp\htdocs\DEWII\vendor\codeigniter4\framework\system\CodeIgniter.php(312): CodeIgniter\CodeIgniter->handleRequest(NULL, Object(Config\Cache), false)
#6 C:\xampp\htdocs\DEWII\public\index.php(45): CodeIgniter\CodeIgniter->run()
#7 C:\xampp\htdocs\DEWII\vendor\codeigniter4\framework\system\Commands\Server\rewrite.php(34): require_once('C:\\xampp\\htdocs...')
#8 {main}
CRITICAL - 2020-10-23 07:19:36 --> Invalid file: Mahasiswa/header.php
#0 C:\xampp\htdocs\DEWII\vendor\codeigniter4\framework\system\View\View.php(228): CodeIgniter\Exceptions\FrameworkException::forInvalidFile('Mahasiswa/heade...')
#1 C:\xampp\htdocs\DEWII\vendor\codeigniter4\framework\system\Common.php(1119): CodeIgniter\View\View->render('Mahasiswa/heade...', Array, true)
#2 C:\xampp\htdocs\DEWII\app\Config\Routes.php(36): view('Mahasiswa/heade...')
#3 C:\xampp\htdocs\DEWII\vendor\codeigniter4\framework\system\CodeIgniter.php(859): CodeIgniter\CodeIgniter->Config\{closure}()
#4 C:\xampp\htdocs\DEWII\vendor\codeigniter4\framework\system\CodeIgniter.php(394): CodeIgniter\CodeIgniter->startController()
#5 C:\xampp\htdocs\DEWII\vendor\codeigniter4\framework\system\CodeIgniter.php(312): CodeIgniter\CodeIgniter->handleRequest(NULL, Object(Config\Cache), false)
#6 C:\xampp\htdocs\DEWII\public\index.php(45): CodeIgniter\CodeIgniter->run()
#7 C:\xampp\htdocs\DEWII\vendor\codeigniter4\framework\system\Commands\Server\rewrite.php(34): require_once('C:\\xampp\\htdocs...')
#8 {main}
CRITICAL - 2020-10-23 21:13:40 --> Invalid file: Mahasiswa/header.php
#0 C:\xampp\htdocs\DEWII\vendor\codeigniter4\framework\system\View\View.php(228): CodeIgniter\Exceptions\FrameworkException::forInvalidFile('Mahasiswa/heade...')
#1 C:\xampp\htdocs\DEWII\vendor\codeigniter4\framework\system\Common.php(1119): CodeIgniter\View\View->render('Mahasiswa/heade...', Array, true)
#2 C:\xampp\htdocs\DEWII\app\Config\Routes.php(36): view('Mahasiswa/heade...')
#3 C:\xampp\htdocs\DEWII\vendor\codeigniter4\framework\system\CodeIgniter.php(859): CodeIgniter\CodeIgniter->Config\{closure}()
#4 C:\xampp\htdocs\DEWII\vendor\codeigniter4\framework\system\CodeIgniter.php(394): CodeIgniter\CodeIgniter->startController()
#5 C:\xampp\htdocs\DEWII\vendor\codeigniter4\framework\system\CodeIgniter.php(312): CodeIgniter\CodeIgniter->handleRequest(NULL, Object(Config\Cache), false)
#6 C:\xampp\htdocs\DEWII\public\index.php(45): CodeIgniter\CodeIgniter->run()
#7 C:\xampp\htdocs\DEWII\vendor\codeigniter4\framework\system\Commands\Server\rewrite.php(34): require_once('C:\\xampp\\htdocs...')
#8 {main}
