CRITICAL - 2020-11-18 04:42:16 --> Invalid file: Layoutdewi/about.php
#0 C:\xampp\htdocs\DEWII\vendor\codeigniter4\framework\system\View\View.php(228): CodeIgniter\Exceptions\FrameworkException::forInvalidFile('Layoutdewi/abou...')
#1 C:\xampp\htdocs\DEWII\vendor\codeigniter4\framework\system\View\View.php(525): CodeIgniter\View\View->render('Layoutdewi/abou...', NULL, true)
#2 C:\xampp\htdocs\DEWII\app\Views\Layoutdewi\template.php(5): CodeIgniter\View\View->include('Layoutdewi/abou...')
#3 C:\xampp\htdocs\DEWII\vendor\codeigniter4\framework\system\View\View.php(246): include('C:\\xampp\\htdocs...')
#4 C:\xampp\htdocs\DEWII\vendor\codeigniter4\framework\system\View\View.php(257): CodeIgniter\View\View->render('Layoutdewi/temp...', Array, true)
#5 C:\xampp\htdocs\DEWII\vendor\codeigniter4\framework\system\Common.php(1119): CodeIgniter\View\View->render('Login', Array, true)
#6 C:\xampp\htdocs\DEWII\app\Controllers\Home.php(11): view('Login')
#7 C:\xampp\htdocs\DEWII\vendor\codeigniter4\framework\system\CodeIgniter.php(918): App\Controllers\Home->Login()
#8 C:\xampp\htdocs\DEWII\vendor\codeigniter4\framework\system\CodeIgniter.php(404): CodeIgniter\CodeIgniter->runController(Object(App\Controllers\Home))
#9 C:\xampp\htdocs\DEWII\vendor\codeigniter4\framework\system\CodeIgniter.php(312): CodeIgniter\CodeIgniter->handleRequest(NULL, Object(Config\Cache), false)
#10 C:\xampp\htdocs\DEWII\public\index.php(45): CodeIgniter\CodeIgniter->run()
#11 C:\xampp\htdocs\DEWII\vendor\codeigniter4\framework\system\Commands\Server\rewrite.php(34): require_once('C:\\xampp\\htdocs...')
#12 {main}
CRITICAL - 2020-11-18 06:29:19 --> Invalid file: Layoutdewi/detailproduk.php
#0 C:\xampp\htdocs\DEWII\vendor\codeigniter4\framework\system\View\View.php(228): CodeIgniter\Exceptions\FrameworkException::forInvalidFile('Layoutdewi/deta...')
#1 C:\xampp\htdocs\DEWII\vendor\codeigniter4\framework\system\View\View.php(525): CodeIgniter\View\View->render('Layoutdewi/deta...', NULL, true)
#2 C:\xampp\htdocs\DEWII\app\Views\Layoutdewi\template.php(5): CodeIgniter\View\View->include('Layoutdewi/deta...')
#3 C:\xampp\htdocs\DEWII\vendor\codeigniter4\framework\system\View\View.php(246): include('C:\\xampp\\htdocs...')
#4 C:\xampp\htdocs\DEWII\vendor\codeigniter4\framework\system\View\View.php(257): CodeIgniter\View\View->render('Layoutdewi/temp...', Array, true)
#5 C:\xampp\htdocs\DEWII\vendor\codeigniter4\framework\system\Common.php(1119): CodeIgniter\View\View->render('Login', Array, true)
#6 C:\xampp\htdocs\DEWII\app\Controllers\Home.php(11): view('Login')
#7 C:\xampp\htdocs\DEWII\vendor\codeigniter4\framework\system\CodeIgniter.php(918): App\Controllers\Home->Login()
#8 C:\xampp\htdocs\DEWII\vendor\codeigniter4\framework\system\CodeIgniter.php(404): CodeIgniter\CodeIgniter->runController(Object(App\Controllers\Home))
#9 C:\xampp\htdocs\DEWII\vendor\codeigniter4\framework\system\CodeIgniter.php(312): CodeIgniter\CodeIgniter->handleRequest(NULL, Object(Config\Cache), false)
#10 C:\xampp\htdocs\DEWII\public\index.php(45): CodeIgniter\CodeIgniter->run()
#11 C:\xampp\htdocs\DEWII\vendor\codeigniter4\framework\system\Commands\Server\rewrite.php(34): require_once('C:\\xampp\\htdocs...')
#12 {main}
CRITICAL - 2020-11-18 06:57:01 --> Invalid file: Home.php
#0 C:\xampp\htdocs\DEWII\vendor\codeigniter4\framework\system\View\View.php(228): CodeIgniter\Exceptions\FrameworkException::forInvalidFile('Home.php')
#1 C:\xampp\htdocs\DEWII\vendor\codeigniter4\framework\system\Common.php(1119): CodeIgniter\View\View->render('Home', Array, true)
#2 C:\xampp\htdocs\DEWII\app\Controllers\Home.php(7): view('Home')
#3 C:\xampp\htdocs\DEWII\vendor\codeigniter4\framework\system\CodeIgniter.php(918): App\Controllers\Home->Home()
#4 C:\xampp\htdocs\DEWII\vendor\codeigniter4\framework\system\CodeIgniter.php(404): CodeIgniter\CodeIgniter->runController(Object(App\Controllers\Home))
#5 C:\xampp\htdocs\DEWII\vendor\codeigniter4\framework\system\CodeIgniter.php(312): CodeIgniter\CodeIgniter->handleRequest(NULL, Object(Config\Cache), false)
#6 C:\xampp\htdocs\DEWII\public\index.php(45): CodeIgniter\CodeIgniter->run()
#7 C:\xampp\htdocs\DEWII\vendor\codeigniter4\framework\system\Commands\Server\rewrite.php(34): require_once('C:\\xampp\\htdocs...')
#8 {main}
CRITICAL - 2020-11-18 08:27:56 --> Cannot redeclare App\Controllers\Home::home()
#0 [internal function]: CodeIgniter\Debug\Exceptions->shutdownHandler()
#1 {main}
CRITICAL - 2020-11-18 08:28:42 --> Cannot redeclare App\Controllers\Home::home()
#0 [internal function]: CodeIgniter\Debug\Exceptions->shutdownHandler()
#1 {main}
CRITICAL - 2020-11-18 08:28:47 --> Cannot redeclare App\Controllers\Home::home()
#0 [internal function]: CodeIgniter\Debug\Exceptions->shutdownHandler()
#1 {main}
CRITICAL - 2020-11-18 19:16:36 --> Invalid file: Home.php
#0 C:\xampp\htdocs\DEWII\vendor\codeigniter4\framework\system\View\View.php(228): CodeIgniter\Exceptions\FrameworkException::forInvalidFile('Home.php')
#1 C:\xampp\htdocs\DEWII\vendor\codeigniter4\framework\system\Common.php(1119): CodeIgniter\View\View->render('Home', Array, true)
#2 C:\xampp\htdocs\DEWII\app\Controllers\Home.php(7): view('Home')
#3 C:\xampp\htdocs\DEWII\vendor\codeigniter4\framework\system\CodeIgniter.php(918): App\Controllers\Home->Home()
#4 C:\xampp\htdocs\DEWII\vendor\codeigniter4\framework\system\CodeIgniter.php(404): CodeIgniter\CodeIgniter->runController(Object(App\Controllers\Home))
#5 C:\xampp\htdocs\DEWII\vendor\codeigniter4\framework\system\CodeIgniter.php(312): CodeIgniter\CodeIgniter->handleRequest(NULL, Object(Config\Cache), false)
#6 C:\xampp\htdocs\DEWII\public\index.php(45): CodeIgniter\CodeIgniter->run()
#7 C:\xampp\htdocs\DEWII\vendor\codeigniter4\framework\system\Commands\Server\rewrite.php(34): require_once('C:\\xampp\\htdocs...')
#8 {main}
CRITICAL - 2020-11-18 19:43:09 --> Invalid file: Home.php
#0 C:\xampp\htdocs\DEWII\vendor\codeigniter4\framework\system\View\View.php(228): CodeIgniter\Exceptions\FrameworkException::forInvalidFile('Home.php')
#1 C:\xampp\htdocs\DEWII\vendor\codeigniter4\framework\system\Common.php(1119): CodeIgniter\View\View->render('Home', Array, true)
#2 C:\xampp\htdocs\DEWII\app\Controllers\Home.php(7): view('Home')
#3 C:\xampp\htdocs\DEWII\vendor\codeigniter4\framework\system\CodeIgniter.php(918): App\Controllers\Home->Home()
#4 C:\xampp\htdocs\DEWII\vendor\codeigniter4\framework\system\CodeIgniter.php(404): CodeIgniter\CodeIgniter->runController(Object(App\Controllers\Home))
#5 C:\xampp\htdocs\DEWII\vendor\codeigniter4\framework\system\CodeIgniter.php(312): CodeIgniter\CodeIgniter->handleRequest(NULL, Object(Config\Cache), false)
#6 C:\xampp\htdocs\DEWII\public\index.php(45): CodeIgniter\CodeIgniter->run()
#7 C:\xampp\htdocs\DEWII\vendor\codeigniter4\framework\system\Commands\Server\rewrite.php(34): require_once('C:\\xampp\\htdocs...')
#8 {main}
CRITICAL - 2020-11-18 20:11:44 --> Invalid file: Layout/template.php
#0 C:\xampp\htdocs\DEWII\vendor\codeigniter4\framework\system\View\View.php(228): CodeIgniter\Exceptions\FrameworkException::forInvalidFile('Layout/template...')
#1 C:\xampp\htdocs\DEWII\vendor\codeigniter4\framework\system\View\View.php(257): CodeIgniter\View\View->render('Layout/template', Array, true)
#2 C:\xampp\htdocs\DEWII\vendor\codeigniter4\framework\system\Common.php(1119): CodeIgniter\View\View->render('register', Array, true)
#3 C:\xampp\htdocs\DEWII\app\Controllers\Home.php(31): view('register')
#4 C:\xampp\htdocs\DEWII\vendor\codeigniter4\framework\system\CodeIgniter.php(918): App\Controllers\Home->register()
#5 C:\xampp\htdocs\DEWII\vendor\codeigniter4\framework\system\CodeIgniter.php(404): CodeIgniter\CodeIgniter->runController(Object(App\Controllers\Home))
#6 C:\xampp\htdocs\DEWII\vendor\codeigniter4\framework\system\CodeIgniter.php(312): CodeIgniter\CodeIgniter->handleRequest(NULL, Object(Config\Cache), false)
#7 C:\xampp\htdocs\DEWII\public\index.php(45): CodeIgniter\CodeIgniter->run()
#8 C:\xampp\htdocs\DEWII\vendor\codeigniter4\framework\system\Commands\Server\rewrite.php(34): require_once('C:\\xampp\\htdocs...')
#9 {main}
CRITICAL - 2020-11-18 20:12:36 --> Invalid file: Layout/template.php
#0 C:\xampp\htdocs\DEWII\vendor\codeigniter4\framework\system\View\View.php(228): CodeIgniter\Exceptions\FrameworkException::forInvalidFile('Layout/template...')
#1 C:\xampp\htdocs\DEWII\vendor\codeigniter4\framework\system\View\View.php(257): CodeIgniter\View\View->render('Layout/template', Array, true)
#2 C:\xampp\htdocs\DEWII\vendor\codeigniter4\framework\system\Common.php(1119): CodeIgniter\View\View->render('register', Array, true)
#3 C:\xampp\htdocs\DEWII\app\Controllers\Home.php(31): view('register')
#4 C:\xampp\htdocs\DEWII\vendor\codeigniter4\framework\system\CodeIgniter.php(918): App\Controllers\Home->register()
#5 C:\xampp\htdocs\DEWII\vendor\codeigniter4\framework\system\CodeIgniter.php(404): CodeIgniter\CodeIgniter->runController(Object(App\Controllers\Home))
#6 C:\xampp\htdocs\DEWII\vendor\codeigniter4\framework\system\CodeIgniter.php(312): CodeIgniter\CodeIgniter->handleRequest(NULL, Object(Config\Cache), false)
#7 C:\xampp\htdocs\DEWII\public\index.php(45): CodeIgniter\CodeIgniter->run()
#8 C:\xampp\htdocs\DEWII\vendor\codeigniter4\framework\system\Commands\Server\rewrite.php(34): require_once('C:\\xampp\\htdocs...')
#9 {main}
CRITICAL - 2020-11-18 20:12:42 --> Invalid file: Layout/template.php
#0 C:\xampp\htdocs\DEWII\vendor\codeigniter4\framework\system\View\View.php(228): CodeIgniter\Exceptions\FrameworkException::forInvalidFile('Layout/template...')
#1 C:\xampp\htdocs\DEWII\vendor\codeigniter4\framework\system\View\View.php(257): CodeIgniter\View\View->render('Layout/template', Array, true)
#2 C:\xampp\htdocs\DEWII\vendor\codeigniter4\framework\system\Common.php(1119): CodeIgniter\View\View->render('register', Array, true)
#3 C:\xampp\htdocs\DEWII\app\Controllers\Home.php(31): view('register')
#4 C:\xampp\htdocs\DEWII\vendor\codeigniter4\framework\system\CodeIgniter.php(918): App\Controllers\Home->register()
#5 C:\xampp\htdocs\DEWII\vendor\codeigniter4\framework\system\CodeIgniter.php(404): CodeIgniter\CodeIgniter->runController(Object(App\Controllers\Home))
#6 C:\xampp\htdocs\DEWII\vendor\codeigniter4\framework\system\CodeIgniter.php(312): CodeIgniter\CodeIgniter->handleRequest(NULL, Object(Config\Cache), false)
#7 C:\xampp\htdocs\DEWII\public\index.php(45): CodeIgniter\CodeIgniter->run()
#8 C:\xampp\htdocs\DEWII\vendor\codeigniter4\framework\system\Commands\Server\rewrite.php(34): require_once('C:\\xampp\\htdocs...')
#9 {main}
CRITICAL - 2020-11-18 20:15:38 --> Invalid file: Layout/template.php
#0 C:\xampp\htdocs\DEWII\vendor\codeigniter4\framework\system\View\View.php(228): CodeIgniter\Exceptions\FrameworkException::forInvalidFile('Layout/template...')
#1 C:\xampp\htdocs\DEWII\vendor\codeigniter4\framework\system\View\View.php(257): CodeIgniter\View\View->render('Layout/template', Array, true)
#2 C:\xampp\htdocs\DEWII\vendor\codeigniter4\framework\system\Common.php(1119): CodeIgniter\View\View->render('register', Array, true)
#3 C:\xampp\htdocs\DEWII\app\Controllers\Home.php(31): view('register')
#4 C:\xampp\htdocs\DEWII\vendor\codeigniter4\framework\system\CodeIgniter.php(918): App\Controllers\Home->register()
#5 C:\xampp\htdocs\DEWII\vendor\codeigniter4\framework\system\CodeIgniter.php(404): CodeIgniter\CodeIgniter->runController(Object(App\Controllers\Home))
#6 C:\xampp\htdocs\DEWII\vendor\codeigniter4\framework\system\CodeIgniter.php(312): CodeIgniter\CodeIgniter->handleRequest(NULL, Object(Config\Cache), false)
#7 C:\xampp\htdocs\DEWII\public\index.php(45): CodeIgniter\CodeIgniter->run()
#8 C:\xampp\htdocs\DEWII\vendor\codeigniter4\framework\system\Commands\Server\rewrite.php(34): require_once('C:\\xampp\\htdocs...')
#9 {main}
CRITICAL - 2020-11-18 20:17:14 --> Invalid file: Layoutdewi/register.php
#0 C:\xampp\htdocs\DEWII\vendor\codeigniter4\framework\system\View\View.php(228): CodeIgniter\Exceptions\FrameworkException::forInvalidFile('Layoutdewi/regi...')
#1 C:\xampp\htdocs\DEWII\vendor\codeigniter4\framework\system\View\View.php(525): CodeIgniter\View\View->render('Layoutdewi/regi...', NULL, true)
#2 C:\xampp\htdocs\DEWII\app\Views\Layoutdewi\template.php(5): CodeIgniter\View\View->include('Layoutdewi/regi...')
#3 C:\xampp\htdocs\DEWII\vendor\codeigniter4\framework\system\View\View.php(246): include('C:\\xampp\\htdocs...')
#4 C:\xampp\htdocs\DEWII\vendor\codeigniter4\framework\system\View\View.php(257): CodeIgniter\View\View->render('Layoutdewi/temp...', Array, true)
#5 C:\xampp\htdocs\DEWII\vendor\codeigniter4\framework\system\Common.php(1119): CodeIgniter\View\View->render('register', Array, true)
#6 C:\xampp\htdocs\DEWII\app\Controllers\Home.php(31): view('register')
#7 C:\xampp\htdocs\DEWII\vendor\codeigniter4\framework\system\CodeIgniter.php(918): App\Controllers\Home->register()
#8 C:\xampp\htdocs\DEWII\vendor\codeigniter4\framework\system\CodeIgniter.php(404): CodeIgniter\CodeIgniter->runController(Object(App\Controllers\Home))
#9 C:\xampp\htdocs\DEWII\vendor\codeigniter4\framework\system\CodeIgniter.php(312): CodeIgniter\CodeIgniter->handleRequest(NULL, Object(Config\Cache), false)
#10 C:\xampp\htdocs\DEWII\public\index.php(45): CodeIgniter\CodeIgniter->run()
#11 C:\xampp\htdocs\DEWII\vendor\codeigniter4\framework\system\Commands\Server\rewrite.php(34): require_once('C:\\xampp\\htdocs...')
#12 {main}
CRITICAL - 2020-11-18 20:17:30 --> Invalid file: Layoutdewi/register.php
#0 C:\xampp\htdocs\DEWII\vendor\codeigniter4\framework\system\View\View.php(228): CodeIgniter\Exceptions\FrameworkException::forInvalidFile('Layoutdewi/regi...')
#1 C:\xampp\htdocs\DEWII\vendor\codeigniter4\framework\system\View\View.php(525): CodeIgniter\View\View->render('Layoutdewi/regi...', NULL, true)
#2 C:\xampp\htdocs\DEWII\app\Views\Layoutdewi\template.php(5): CodeIgniter\View\View->include('Layoutdewi/regi...')
#3 C:\xampp\htdocs\DEWII\vendor\codeigniter4\framework\system\View\View.php(246): include('C:\\xampp\\htdocs...')
#4 C:\xampp\htdocs\DEWII\vendor\codeigniter4\framework\system\View\View.php(257): CodeIgniter\View\View->render('Layoutdewi/temp...', Array, true)
#5 C:\xampp\htdocs\DEWII\vendor\codeigniter4\framework\system\Common.php(1119): CodeIgniter\View\View->render('register', Array, true)
#6 C:\xampp\htdocs\DEWII\app\Controllers\Home.php(31): view('register')
#7 C:\xampp\htdocs\DEWII\vendor\codeigniter4\framework\system\CodeIgniter.php(918): App\Controllers\Home->register()
#8 C:\xampp\htdocs\DEWII\vendor\codeigniter4\framework\system\CodeIgniter.php(404): CodeIgniter\CodeIgniter->runController(Object(App\Controllers\Home))
#9 C:\xampp\htdocs\DEWII\vendor\codeigniter4\framework\system\CodeIgniter.php(312): CodeIgniter\CodeIgniter->handleRequest(NULL, Object(Config\Cache), false)
#10 C:\xampp\htdocs\DEWII\public\index.php(45): CodeIgniter\CodeIgniter->run()
#11 C:\xampp\htdocs\DEWII\vendor\codeigniter4\framework\system\Commands\Server\rewrite.php(34): require_once('C:\\xampp\\htdocs...')
#12 {main}
CRITICAL - 2020-11-18 20:17:48 --> Invalid file: Layoutdewi/register.php
#0 C:\xampp\htdocs\DEWII\vendor\codeigniter4\framework\system\View\View.php(228): CodeIgniter\Exceptions\FrameworkException::forInvalidFile('Layoutdewi/regi...')
#1 C:\xampp\htdocs\DEWII\vendor\codeigniter4\framework\system\View\View.php(257): CodeIgniter\View\View->render('Layoutdewi/regi...', Array, true)
#2 C:\xampp\htdocs\DEWII\vendor\codeigniter4\framework\system\Common.php(1119): CodeIgniter\View\View->render('register', Array, true)
#3 C:\xampp\htdocs\DEWII\app\Controllers\Home.php(31): view('register')
#4 C:\xampp\htdocs\DEWII\vendor\codeigniter4\framework\system\CodeIgniter.php(918): App\Controllers\Home->register()
#5 C:\xampp\htdocs\DEWII\vendor\codeigniter4\framework\system\CodeIgniter.php(404): CodeIgniter\CodeIgniter->runController(Object(App\Controllers\Home))
#6 C:\xampp\htdocs\DEWII\vendor\codeigniter4\framework\system\CodeIgniter.php(312): CodeIgniter\CodeIgniter->handleRequest(NULL, Object(Config\Cache), false)
#7 C:\xampp\htdocs\DEWII\public\index.php(45): CodeIgniter\CodeIgniter->run()
#8 C:\xampp\htdocs\DEWII\vendor\codeigniter4\framework\system\Commands\Server\rewrite.php(34): require_once('C:\\xampp\\htdocs...')
#9 {main}
CRITICAL - 2020-11-18 20:21:25 --> Invalid file: register.php
#0 C:\xampp\htdocs\DEWII\vendor\codeigniter4\framework\system\View\View.php(228): CodeIgniter\Exceptions\FrameworkException::forInvalidFile('register.php')
#1 C:\xampp\htdocs\DEWII\vendor\codeigniter4\framework\system\Common.php(1119): CodeIgniter\View\View->render('register', Array, true)
#2 C:\xampp\htdocs\DEWII\app\Controllers\Home.php(31): view('register')
#3 C:\xampp\htdocs\DEWII\vendor\codeigniter4\framework\system\CodeIgniter.php(918): App\Controllers\Home->register()
#4 C:\xampp\htdocs\DEWII\vendor\codeigniter4\framework\system\CodeIgniter.php(404): CodeIgniter\CodeIgniter->runController(Object(App\Controllers\Home))
#5 C:\xampp\htdocs\DEWII\vendor\codeigniter4\framework\system\CodeIgniter.php(312): CodeIgniter\CodeIgniter->handleRequest(NULL, Object(Config\Cache), false)
#6 C:\xampp\htdocs\DEWII\public\index.php(45): CodeIgniter\CodeIgniter->run()
#7 C:\xampp\htdocs\DEWII\vendor\codeigniter4\framework\system\Commands\Server\rewrite.php(34): require_once('C:\\xampp\\htdocs...')
#8 {main}
